  Shader.cpp
  main.cpp
c:\users\slavik\source\repos\maps\pracainzynierska\worldmapcoordinates.h(26): warning C4244: '=': conversion from 'double' to 'float', possible loss of data
c:\users\slavik\source\repos\maps\pracainzynierska\worldmapcoordinates.h(27): warning C4244: '=': conversion from 'double' to 'float', possible loss of data
c:\users\slavik\source\repos\maps\pracainzynierska\worldmapcoordinates.h(28): warning C4244: '=': conversion from 'double' to 'float', possible loss of data
c:\users\slavik\source\repos\maps\pracainzynierska\worldmapcoordinates.h(29): warning C4244: '=': conversion from 'double' to 'float', possible loss of data
c:\users\slavik\source\repos\maps\pracainzynierska\worldmapcoordinates.h(33): warning C4244: '=': conversion from 'double' to 'float', possible loss of data
c:\users\slavik\source\repos\maps\pracainzynierska\worldmapcoordinates.h(34): warning C4244: '=': conversion from 'double' to 'float', possible loss of data
c:\users\slavik\source\repos\maps\pracainzynierska\main.cpp(187): warning C4129: 'm': unrecognized character escape sequence
c:\users\slavik\source\repos\maps\pracainzynierska\main.cpp(188): warning C4129: 'm': unrecognized character escape sequence
c:\users\slavik\source\repos\maps\pracainzynierska\main.cpp(189): warning C4129: 'm': unrecognized character escape sequence
c:\users\slavik\source\repos\maps\pracainzynierska\main.cpp(190): warning C4129: 'm': unrecognized character escape sequence
c:\users\slavik\source\repos\maps\pracainzynierska\main.cpp(213): warning C4244: 'initializing': conversion from 'double' to 'GLfloat', possible loss of data
c:\users\slavik\source\repos\maps\pracainzynierska\main.cpp(350): warning C4244: '=': conversion from 'double' to 'GLfloat', possible loss of data
c:\users\slavik\source\repos\maps\pracainzynierska\main.cpp(351): warning C4244: '=': conversion from 'double' to 'GLfloat', possible loss of data
c:\users\slavik\source\repos\maps\pracainzynierska\main.cpp(355): warning C4244: 'initializing': conversion from 'double' to 'GLfloat', possible loss of data
c:\users\slavik\source\repos\maps\pracainzynierska\main.cpp(356): warning C4244: 'initializing': conversion from 'double' to 'GLfloat', possible loss of data
c:\users\slavik\source\repos\maps\pracainzynierska\main.cpp(358): warning C4244: '=': conversion from 'double' to 'GLfloat', possible loss of data
c:\users\slavik\source\repos\maps\pracainzynierska\main.cpp(359): warning C4244: '=': conversion from 'double' to 'GLfloat', possible loss of data
  Generating Code...
     Creating library C:\Users\Slavik\source\repos\Maps\Debug\PracaInzynierska.lib and object C:\Users\Slavik\source\repos\Maps\Debug\PracaInzynierska.exp
LINK : warning LNK4098: defaultlib 'LIBCMT' conflicts with use of other libs; use /NODEFAULTLIB:library
glfw3.lib(init.obj) : error LNK2019: unresolved external symbol __imp__vsnprintf referenced in function __glfwInputError
MSVCRTD.lib(vsnprintf.obj) : error LNK2001: unresolved external symbol __imp__vsnprintf
glfw3.lib(context.obj) : error LNK2019: unresolved external symbol __imp__sscanf referenced in function __glfwRefreshContextAttribs
MSVCRTD.lib(vsnprintf.obj) : error LNK2001: unresolved external symbol __imp___vsnprintf
C:\Users\Slavik\source\repos\Maps\Debug\PracaInzynierska.exe : fatal error LNK1120: 3 unresolved externals
